Run cd build
MSBuild version 17.14.40+3e7442088 for .NET Framework

  1>Checking Build System
  Building Custom Rule D:/a/VortexAlpha/VortexAlpha/CMakeLists.txt
  main.cpp
  uci.cpp
  board.cpp
  bitboard.cpp
  magic.cpp
  zobrist.cpp
  movegen.cpp
  attacks.cpp
  search.cpp
  alphabeta.cpp
  ttable.cpp
  movepicker.cpp
  eval.cpp
  classical.cpp
  utils.cpp
  timer.cpp
  Generating code
  Previous IPDB not found, fall back to full compilation.
  All 339 functions were compiled because no usable IPDB/IOBJ from previous compilation was found.
  Finished generating code
  vortexalpha.vcxproj -> D:\a\VortexAlpha\VortexAlpha\build\Release\vortexalpha.exe
  Building Custom Rule D:/a/VortexAlpha/VortexAlpha/CMakeLists.txt
  test_board.cpp
  test_movegen.cpp
  perft.cpp
  uci.cpp
  board.cpp
  bitboard.cpp
  magic.cpp
  zobrist.cpp
  movegen.cpp
  attacks.cpp
  search.cpp
  alphabeta.cpp
  ttable.cpp
  movepicker.cpp
  eval.cpp
  classical.cpp
  utils.cpp
  timer.cpp
  Generating Code...
test_movegen.obj : error LNK2005: main already defined in test_board.obj [D:\a\VortexAlpha\VortexAlpha\build\vortexalpha_tests.vcxproj]
perft.obj : error LNK2005: main already defined in test_board.obj [D:\a\VortexAlpha\VortexAlpha\build\vortexalpha_tests.vcxproj]
D:\a\VortexAlpha\VortexAlpha\build\Release\vortexalpha_tests.exe : fatal error LNK1169: one or more multiply defined symbols found [D:\a\VortexAlpha\VortexAlpha\build\vortexalpha_tests.vcxproj]
Error: Process completed with exit code 1.
