===== Build Queued at 2026-01-04 14:23:52 / Commit SHA: 5bf0029 =====

--> FROM docker.io/library/python:3.10-slim@sha256:7b68a5fa7cf0d20b4cedb1dc9a134fdd394fe27edbc4c2519756c91d21df2313
DONE 0.8s

DONE 1.3s

DONE 1.3s

--> WORKDIR /app
DONE 0.0s

--> RUN apt-get update && apt-get install -y curl && rm -rf /var/lib/apt/lists/*
Hit:1 http://deb.debian.org/debian trixie InRelease
Get:2 http://deb.debian.org/debian trixie-updates InRelease [47.3 kB]
Get:3 http://deb.debian.org/debian-security trixie-security InRelease [43.4 kB]
Get:4 http://deb.debian.org/debian trixie/main amd64 Packages [9670 kB]
Get:5 http://deb.debian.org/debian trixie-updates/main amd64 Packages [5412 B]
Get:6 http://deb.debian.org/debian-security trixie-security/main amd64 Packages [94.0 kB]
Fetched 9860 kB in 1s (13.0 MB/s)
Reading package lists...
Reading package lists...
Building dependency tree...
Reading state information...
The following additional packages will be installed:
  bash-completion krb5-locales libbrotli1 libcom-err2 libcurl4t64
  libgnutls30t64 libgssapi-krb5-2 libidn2-0 libk5crypto3 libkeyutils1
  libkrb5-3 libkrb5support0 libldap-common libldap2 libnghttp2-14 libnghttp3-9
  libp11-kit0 libpsl5t64 librtmp1 libsasl2-2 libsasl2-modules
  libsasl2-modules-db libssh2-1t64 libtasn1-6 libunistring5 publicsuffix
Suggested packages:
  gnutls-bin krb5-doc krb5-user libsasl2-modules-gssapi-mit
  | libsasl2-modules-gssapi-heimdal libsasl2-modules-ldap libsasl2-modules-otp
  libsasl2-modules-sql
The following NEW packages will be installed:
  bash-completion curl krb5-locales libbrotli1 libcom-err2 libcurl4t64
  libgnutls30t64 libgssapi-krb5-2 libidn2-0 libk5crypto3 libkeyutils1
  libkrb5-3 libkrb5support0 libldap-common libldap2 libnghttp2-14 libnghttp3-9
  libp11-kit0 libpsl5t64 librtmp1 libsasl2-2 libsasl2-modules
  libsasl2-modules-db libssh2-1t64 libtasn1-6 libunistring5 publicsuffix
0 upgraded, 27 newly installed, 0 to remove and 0 not upgraded.
Need to get 5700 kB of archives.
After this operation, 18.3 MB of additional disk space will be used.
Get:1 http://deb.debian.org/debian trixie/main amd64 bash-completion all 1:2.16.0-7 [319 kB]
Get:2 http://deb.debian.org/debian trixie/main amd64 krb5-locales all 1.21.3-5 [101 kB]
Get:3 http://deb.debian.org/debian trixie/main amd64 libbrotli1 amd64 1.1.0-2+b7 [307 kB]
Get:4 http://deb.debian.org/debian trixie/main amd64 libkrb5support0 amd64 1.21.3-5 [33.0 kB]
Get:5 http://deb.debian.org/debian trixie/main amd64 libcom-err2 amd64 1.47.2-3+b3 [25.0 kB]
Get:6 http://deb.debian.org/debian trixie/main amd64 libk5crypto3 amd64 1.21.3-5 [81.5 kB]
Get:7 http://deb.debian.org/debian trixie/main amd64 libkeyutils1 amd64 1.6.3-6 [9456 B]
Get:8 http://deb.debian.org/debian trixie/main amd64 libkrb5-3 amd64 1.21.3-5 [326 kB]
Get:9 http://deb.debian.org/debian trixie/main amd64 libgssapi-krb5-2 amd64 1.21.3-5 [138 kB]
Get:10 http://deb.debian.org/debian trixie/main amd64 libunistring5 amd64 1.3-2 [477 kB]
Get:11 http://deb.debian.org/debian trixie/main amd64 libidn2-0 amd64 2.3.8-2 [109 kB]
Get:12 http://deb.debian.org/debian trixie/main amd64 libsasl2-modules-db amd64 2.1.28+dfsg1-9 [19.8 kB]
Get:13 http://deb.debian.org/debian trixie/main amd64 libsasl2-2 amd64 2.1.28+dfsg1-9 [57.5 kB]
Get:14 http://deb.debian.org/debian trixie/main amd64 libldap2 amd64 2.6.10+dfsg-1 [194 kB]
Get:15 http://deb.debian.org/debian trixie/main amd64 libnghttp2-14 amd64 1.64.0-1.1 [76.0 kB]
Get:16 http://deb.debian.org/debian trixie/main amd64 libnghttp3-9 amd64 1.8.0-1 [67.7 kB]
Get:17 http://deb.debian.org/debian trixie/main amd64 libpsl5t64 amd64 0.21.2-1.1+b1 [57.2 kB]
Get:18 http://deb.debian.org/debian trixie/main amd64 libp11-kit0 amd64 0.25.5-3 [425 kB]
Get:19 http://deb.debian.org/debian trixie/main amd64 libtasn1-6 amd64 4.20.0-2 [49.9 kB]
Get:20 http://deb.debian.org/debian trixie/main amd64 libgnutls30t64 amd64 3.8.9-3 [1465 kB]
Get:21 http://deb.debian.org/debian trixie/main amd64 librtmp1 amd64 2.4+20151223.gitfa8646d.1-2+b5 [58.8 kB]
Get:22 http://deb.debian.org/debian trixie/main amd64 libssh2-1t64 amd64 1.11.1-1 [245 kB]
Get:23 http://deb.debian.org/debian trixie/main amd64 libcurl4t64 amd64 8.14.1-2+deb13u2 [391 kB]
Get:24 http://deb.debian.org/debian trixie/main amd64 curl amd64 8.14.1-2+deb13u2 [270 kB]
Get:25 http://deb.debian.org/debian trixie/main amd64 libldap-common all 2.6.10+dfsg-1 [35.1 kB]
Get:26 http://deb.debian.org/debian trixie/main amd64 libsasl2-modules amd64 2.1.28+dfsg1-9 [66.7 kB]
Get:27 http://deb.debian.org/debian trixie/main amd64 publicsuffix all 20250328.1952-0.1 [296 kB]
debconf: unable to initialize frontend: Dialog
debconf: (TERM is not set, so the dialog frontend is not usable.)
debconf: falling back to frontend: Readline
debconf: unable to initialize frontend: Readline
debconf: (Can't locate Term/ReadLine.pm in @INC (you may need to install the Term::ReadLine module) (@INC entries checked: /etc/perl /usr/local/lib/x86_64-linux-gnu/perl/5.40.1 /usr/local/share/perl/5.40.1 /usr/lib/x86_64-linux-gnu/perl5/5.40 /usr/share/perl5 /usr/lib/x86_64-linux-gnu/perl-base /usr/lib/x86_64-linux-gnu/perl/5.40 /usr/share/perl/5.40 /usr/local/lib/site_perl) at /usr/share/perl5/Debconf/FrontEnd/Readline.pm line 8, <STDIN> line 27.)
debconf: falling back to frontend: Teletype
debconf: unable to initialize frontend: Teletype
debconf: (This frontend requires a controlling tty.)
debconf: falling back to frontend: Noninteractive
Fetched 5700 kB in 0s (117 MB/s)
Selecting previously unselected package bash-completion.
(Reading database ... 
(Reading database ... 5%
(Reading database ... 10%
(Reading database ... 15%
(Reading database ... 20%
(Reading database ... 25%
(Reading database ... 30%
(Reading database ... 35%
(Reading database ... 40%
(Reading database ... 45%
(Reading database ... 50%
(Reading database ... 55%
(Reading database ... 60%
(Reading database ... 65%
(Reading database ... 70%
(Reading database ... 75%
(Reading database ... 80%
(Reading database ... 85%
(Reading database ... 90%
(Reading database ... 95%
(Reading database ... 100%
(Reading database ... 5644 files and directories currently installed.)
Preparing to unpack .../00-bash-completion_1%3a2.16.0-7_all.deb ...
Unpacking bash-completion (1:2.16.0-7) ...
Selecting previously unselected package krb5-locales.
Preparing to unpack .../01-krb5-locales_1.21.3-5_all.deb ...
Unpacking krb5-locales (1.21.3-5) ...
Selecting previously unselected package libbrotli1:amd64.
Preparing to unpack .../02-libbrotli1_1.1.0-2+b7_amd64.deb ...
Unpacking libbrotli1:amd64 (1.1.0-2+b7) ...
Selecting previously unselected package libkrb5support0:amd64.
Preparing to unpack .../03-libkrb5support0_1.21.3-5_amd64.deb ...
Unpacking libkrb5support0:amd64 (1.21.3-5) ...
Selecting previously unselected package libcom-err2:amd64.
Preparing to unpack .../04-libcom-err2_1.47.2-3+b3_amd64.deb ...
Unpacking libcom-err2:amd64 (1.47.2-3+b3) ...
Selecting previously unselected package libk5crypto3:amd64.
Preparing to unpack .../05-libk5crypto3_1.21.3-5_amd64.deb ...
Unpacking libk5crypto3:amd64 (1.21.3-5) ...
Selecting previously unselected package libkeyutils1:amd64.
Preparing to unpack .../06-libkeyutils1_1.6.3-6_amd64.deb ...
Unpacking libkeyutils1:amd64 (1.6.3-6) ...
Selecting previously unselected package libkrb5-3:amd64.
Preparing to unpack .../07-libkrb5-3_1.21.3-5_amd64.deb ...
Unpacking libkrb5-3:amd64 (1.21.3-5) ...
Selecting previously unselected package libgssapi-krb5-2:amd64.
Preparing to unpack .../08-libgssapi-krb5-2_1.21.3-5_amd64.deb ...
Unpacking libgssapi-krb5-2:amd64 (1.21.3-5) ...
Selecting previously unselected package libunistring5:amd64.
Preparing to unpack .../09-libunistring5_1.3-2_amd64.deb ...
Unpacking libunistring5:amd64 (1.3-2) ...
Selecting previously unselected package libidn2-0:amd64.
Preparing to unpack .../10-libidn2-0_2.3.8-2_amd64.deb ...
Unpacking libidn2-0:amd64 (2.3.8-2) ...
Selecting previously unselected package libsasl2-modules-db:amd64.
Preparing to unpack .../11-libsasl2-modules-db_2.1.28+dfsg1-9_amd64.deb ...
Unpacking libsasl2-modules-db:amd64 (2.1.28+dfsg1-9) ...
Selecting previously unselected package libsasl2-2:amd64.
Preparing to unpack .../12-libsasl2-2_2.1.28+dfsg1-9_amd64.deb ...
Unpacking libsasl2-2:amd64 (2.1.28+dfsg1-9) ...
Selecting previously unselected package libldap2:amd64.
Preparing to unpack .../13-libldap2_2.6.10+dfsg-1_amd64.deb ...
Unpacking libldap2:amd64 (2.6.10+dfsg-1) ...
Selecting previously unselected package libnghttp2-14:amd64.
Preparing to unpack .../14-libnghttp2-14_1.64.0-1.1_amd64.deb ...
Unpacking libnghttp2-14:amd64 (1.64.0-1.1) ...
Selecting previously unselected package libnghttp3-9:amd64.
Preparing to unpack .../15-libnghttp3-9_1.8.0-1_amd64.deb ...
Unpacking libnghttp3-9:amd64 (1.8.0-1) ...
Selecting previously unselected package libpsl5t64:amd64.
Preparing to unpack .../16-libpsl5t64_0.21.2-1.1+b1_amd64.deb ...
Unpacking libpsl5t64:amd64 (0.21.2-1.1+b1) ...
Selecting previously unselected package libp11-kit0:amd64.
Preparing to unpack .../17-libp11-kit0_0.25.5-3_amd64.deb ...
Unpacking libp11-kit0:amd64 (0.25.5-3) ...
Selecting previously unselected package libtasn1-6:amd64.
Preparing to unpack .../18-libtasn1-6_4.20.0-2_amd64.deb ...
Unpacking libtasn1-6:amd64 (4.20.0-2) ...
Selecting previously unselected package libgnutls30t64:amd64.
Preparing to unpack .../19-libgnutls30t64_3.8.9-3_amd64.deb ...
Unpacking libgnutls30t64:amd64 (3.8.9-3) ...
Selecting previously unselected package librtmp1:amd64.
Preparing to unpack .../20-librtmp1_2.4+20151223.gitfa8646d.1-2+b5_amd64.deb ...
Unpacking librtmp1:amd64 (2.4+20151223.gitfa8646d.1-2+b5) ...
Selecting previously unselected package libssh2-1t64:amd64.
Preparing to unpack .../21-libssh2-1t64_1.11.1-1_amd64.deb ...
Unpacking libssh2-1t64:amd64 (1.11.1-1) ...
Selecting previously unselected package libcurl4t64:amd64.
Preparing to unpack .../22-libcurl4t64_8.14.1-2+deb13u2_amd64.deb ...
Unpacking libcurl4t64:amd64 (8.14.1-2+deb13u2) ...
Selecting previously unselected package curl.
Preparing to unpack .../23-curl_8.14.1-2+deb13u2_amd64.deb ...
Unpacking curl (8.14.1-2+deb13u2) ...
Selecting previously unselected package libldap-common.
Preparing to unpack .../24-libldap-common_2.6.10+dfsg-1_all.deb ...
Unpacking libldap-common (2.6.10+dfsg-1) ...
Selecting previously unselected package libsasl2-modules:amd64.
Preparing to unpack .../25-libsasl2-modules_2.1.28+dfsg1-9_amd64.deb ...
Unpacking libsasl2-modules:amd64 (2.1.28+dfsg1-9) ...
Selecting previously unselected package publicsuffix.
Preparing to unpack .../26-publicsuffix_20250328.1952-0.1_all.deb ...
Unpacking publicsuffix (20250328.1952-0.1) ...
Setting up libkeyutils1:amd64 (1.6.3-6) ...
Setting up libbrotli1:amd64 (1.1.0-2+b7) ...
Setting up libsasl2-modules:amd64 (2.1.28+dfsg1-9) ...
Setting up libnghttp2-14:amd64 (1.64.0-1.1) ...
Setting up krb5-locales (1.21.3-5) ...
Setting up libcom-err2:amd64 (1.47.2-3+b3) ...
Setting up libldap-common (2.6.10+dfsg-1) ...
Setting up libkrb5support0:amd64 (1.21.3-5) ...
Setting up libsasl2-modules-db:amd64 (2.1.28+dfsg1-9) ...
Setting up bash-completion (1:2.16.0-7) ...
Setting up libp11-kit0:amd64 (0.25.5-3) ...
Setting up libunistring5:amd64 (1.3-2) ...
Setting up libk5crypto3:amd64 (1.21.3-5) ...
Setting up libsasl2-2:amd64 (2.1.28+dfsg1-9) ...
Setting up libnghttp3-9:amd64 (1.8.0-1) ...
Setting up libtasn1-6:amd64 (4.20.0-2) ...
Setting up libkrb5-3:amd64 (1.21.3-5) ...
Setting up libssh2-1t64:amd64 (1.11.1-1) ...
Setting up publicsuffix (20250328.1952-0.1) ...
Setting up libldap2:amd64 (2.6.10+dfsg-1) ...
Setting up libidn2-0:amd64 (2.3.8-2) ...
Setting up libgssapi-krb5-2:amd64 (1.21.3-5) ...
Setting up libgnutls30t64:amd64 (3.8.9-3) ...
Setting up libpsl5t64:amd64 (0.21.2-1.1+b1) ...
Setting up librtmp1:amd64 (2.4+20151223.gitfa8646d.1-2+b5) ...
Setting up libcurl4t64:amd64 (8.14.1-2+deb13u2) ...
Setting up curl (8.14.1-2+deb13u2) ...
Processing triggers for libc-bin (2.41-12) ...
DONE 3.7s

--> COPY requirements.txt .
DONE 0.0s

--> RUN pip install --no-cache-dir -r requirements.txt
Collecting fastapi==0.109.0
  Downloading fastapi-0.109.0-py3-none-any.whl (92 kB)
     ━━━━━━━━━━━━━━━━━━━━━━━━━━━━━━━━━━━━━━━━ 92.0/92.0 kB 35.0 MB/s eta 0:00:00
Collecting uvicorn[standard]==0.27.0
  Downloading uvicorn-0.27.0-py3-none-any.whl (60 kB)
     ━━━━━━━━━━━━━━━━━━━━━━━━━━━━━━━━━━━━━━━━ 60.6/60.6 kB 46.4 MB/s eta 0:00:00
Collecting onnxruntime==1.17.0
  Downloading onnxruntime-1.17.0-cp310-cp310-manylinux_2_27_x86_64.manylinux_2_28_x86_64.whl (6.8 MB)
     ━━━━━━━━━━━━━━━━━━━━━━━━━━━━━━━━━━━━━━━━ 6.8/6.8 MB 259.9 MB/s eta 0:00:00
Collecting python-chess==1.999
  Downloading python_chess-1.999-py3-none-any.whl (1.4 kB)
Collecting numpy==1.24.3
  Downloading numpy-1.24.3-cp310-cp310-manylinux_2_17_x86_64.manylinux2014_x86_64.whl (17.3 MB)
     ━━━━━━━━━━━━━━━━━━━━━━━━━━━━━━━━━━━━━━━ 17.3/17.3 MB 195.8 MB/s eta 0:00:00
Collecting huggingface-hub==0.20.3
  Downloading huggingface_hub-0.20.3-py3-none-any.whl (330 kB)
     ━━━━━━━━━━━━━━━━━━━━━━━━━━━━━━━━━━━━━ 330.1/330.1 kB 511.6 MB/s eta 0:00:00
Collecting pydantic==2.5.3
  Downloading pydantic-2.5.3-py3-none-any.whl (381 kB)
     ━━━━━━━━━━━━━━━━━━━━━━━━━━━━━━━━━━━━━ 381.9/381.9 kB 457.2 MB/s eta 0:00:00
Collecting typing-extensions>=4.8.0
  Downloading typing_extensions-4.15.0-py3-none-any.whl (44 kB)
     ━━━━━━━━━━━━━━━━━━━━━━━━━━━━━━━━━━━━━━━ 44.6/44.6 kB 319.2 MB/s eta 0:00:00
Collecting starlette<0.36.0,>=0.35.0
  Downloading starlette-0.35.1-py3-none-any.whl (71 kB)
     ━━━━━━━━━━━━━━━━━━━━━━━━━━━━━━━━━━━━━━━ 71.1/71.1 kB 371.5 MB/s eta 0:00:00
Collecting h11>=0.8
  Downloading h11-0.16.0-py3-none-any.whl (37 kB)
Collecting click>=7.0
  Downloading click-8.3.1-py3-none-any.whl (108 kB)
     ━━━━━━━━━━━━━━━━━━━━━━━━━━━━━━━━━━━━━ 108.3/108.3 kB 394.9 MB/s eta 0:00:00
Collecting pyyaml>=5.1
  Downloading pyyaml-6.0.3-cp310-cp310-manylinux2014_x86_64.manylinux_2_17_x86_64.manylinux_2_28_x86_64.whl (770 kB)
     ━━━━━━━━━━━━━━━━━━━━━━━━━━━━━━━━━━━━━ 770.3/770.3 kB 481.6 MB/s eta 0:00:00
Collecting uvloop!=0.15.0,!=0.15.1,>=0.14.0
  Downloading uvloop-0.22.1-cp310-cp310-manylinux2014_x86_64.manylinux_2_17_x86_64.manylinux_2_28_x86_64.whl (3.7 MB)
     ━━━━━━━━━━━━━━━━━━━━━━━━━━━━━━━━━━━━━━━━ 3.7/3.7 MB 212.3 MB/s eta 0:00:00
Collecting python-dotenv>=0.13
  Downloading python_dotenv-1.2.1-py3-none-any.whl (21 kB)
Collecting watchfiles>=0.13
  Downloading watchfiles-1.1.1-cp310-cp310-manylinux_2_17_x86_64.manylinux2014_x86_64.whl (455 kB)
     ━━━━━━━━━━━━━━━━━━━━━━━━━━━━━━━━━━━━━ 455.6/455.6 kB 537.7 MB/s eta 0:00:00
Collecting websockets>=10.4
  Downloading websockets-15.0.1-cp310-cp310-manylinux_2_5_x86_64.manylinux1_x86_64.manylinux_2_17_x86_64.manylinux2014_x86_64.whl (181 kB)
     ━━━━━━━━━━━━━━━━━━━━━━━━━━━━━━━━━━━━━ 181.6/181.6 kB 270.2 MB/s eta 0:00:00
Collecting httptools>=0.5.0
  Downloading httptools-0.7.1-cp310-cp310-manylinux1_x86_64.manylinux_2_28_x86_64.manylinux_2_5_x86_64.whl (440 kB)
     ━━━━━━━━━━━━━━━━━━━━━━━━━━━━━━━━━━━━━ 440.9/440.9 kB 285.2 MB/s eta 0:00:00
Collecting coloredlogs
  Downloading coloredlogs-15.0.1-py2.py3-none-any.whl (46 kB)
     ━━━━━━━━━━━━━━━━━━━━━━━━━━━━━━━━━━━━━━━ 46.0/46.0 kB 304.6 MB/s eta 0:00:00
Collecting sympy
  Downloading sympy-1.14.0-py3-none-any.whl (6.3 MB)
     ━━━━━━━━━━━━━━━━━━━━━━━━━━━━━━━━━━━━━━━━ 6.3/6.3 MB 428.6 MB/s eta 0:00:00
Collecting packaging
  Downloading packaging-25.0-py3-none-any.whl (66 kB)
     ━━━━━━━━━━━━━━━━━━━━━━━━━━━━━━━━━━━━━━━ 66.5/66.5 kB 342.1 MB/s eta 0:00:00
Collecting flatbuffers
  Downloading flatbuffers-25.12.19-py2.py3-none-any.whl (26 kB)
Collecting protobuf
  Downloading protobuf-6.33.2-cp39-abi3-manylinux2014_x86_64.whl (323 kB)
     ━━━━━━━━━━━━━━━━━━━━━━━━━━━━━━━━━━━━━ 323.3/323.3 kB 513.1 MB/s eta 0:00:00
Collecting chess<2,>=1
  Downloading chess-1.11.2.tar.gz (6.1 MB)
     ━━━━━━━━━━━━━━━━━━━━━━━━━━━━━━━━━━━━━━━━ 6.1/6.1 MB 140.1 MB/s eta 0:00:00
  Preparing metadata (setup.py): started
  Preparing metadata (setup.py): finished with status 'done'
Collecting requests
  Downloading requests-2.32.5-py3-none-any.whl (64 kB)
     ━━━━━━━━━━━━━━━━━━━━━━━━━━━━━━━━━━━━━━━ 64.7/64.7 kB 336.0 MB/s eta 0:00:00
Collecting filelock
  Downloading filelock-3.20.2-py3-none-any.whl (16 kB)
Collecting fsspec>=2023.5.0
  Downloading fsspec-2025.12.0-py3-none-any.whl (201 kB)
     ━━━━━━━━━━━━━━━━━━━━━━━━━━━━━━━━━━━━━ 201.4/201.4 kB 304.6 MB/s eta 0:00:00
Collecting tqdm>=4.42.1
  Downloading tqdm-4.67.1-py3-none-any.whl (78 kB)
     ━━━━━━━━━━━━━━━━━━━━━━━━━━━━━━━━━━━━━━━ 78.5/78.5 kB 378.3 MB/s eta 0:00:00
Collecting annotated-types>=0.4.0
  Downloading annotated_types-0.7.0-py3-none-any.whl (13 kB)
Collecting pydantic-core==2.14.6
  Downloading pydantic_core-2.14.6-cp310-cp310-manylinux_2_17_x86_64.manylinux2014_x86_64.whl (2.1 MB)
     ━━━━━━━━━━━━━━━━━━━━━━━━━━━━━━━━━━━━━━━━ 2.1/2.1 MB 387.5 MB/s eta 0:00:00
Collecting anyio<5,>=3.4.0
  Downloading anyio-4.12.0-py3-none-any.whl (113 kB)
     ━━━━━━━━━━━━━━━━━━━━━━━━━━━━━━━━━━━━━ 113.4/113.4 kB 428.4 MB/s eta 0:00:00
Collecting humanfriendly>=9.1
  Downloading humanfriendly-10.0-py2.py3-none-any.whl (86 kB)
     ━━━━━━━━━━━━━━━━━━━━━━━━━━━━━━━━━━━━━━━ 86.8/86.8 kB 382.3 MB/s eta 0:00:00
Collecting charset_normalizer<4,>=2
  Downloading charset_normalizer-3.4.4-cp310-cp310-manylinux2014_x86_64.manylinux_2_17_x86_64.manylinux_2_28_x86_64.whl (153 kB)
     ━━━━━━━━━━━━━━━━━━━━━━━━━━━━━━━━━━━━━ 153.6/153.6 kB 450.6 MB/s eta 0:00:00
Collecting urllib3<3,>=1.21.1
  Downloading urllib3-2.6.2-py3-none-any.whl (131 kB)
     ━━━━━━━━━━━━━━━━━━━━━━━━━━━━━━━━━━━━━ 131.2/131.2 kB 454.3 MB/s eta 0:00:00
Collecting certifi>=2017.4.17
  Downloading certifi-2026.1.4-py3-none-any.whl (152 kB)
     ━━━━━━━━━━━━━━━━━━━━━━━━━━━━━━━━━━━━━ 152.9/152.9 kB 453.5 MB/s eta 0:00:00
Collecting idna<4,>=2.5
  Downloading idna-3.11-py3-none-any.whl (71 kB)
     ━━━━━━━━━━━━━━━━━━━━━━━━━━━━━━━━━━━━━━━ 71.0/71.0 kB 388.2 MB/s eta 0:00:00
Collecting mpmath<1.4,>=1.1.0
  Downloading mpmath-1.3.0-py3-none-any.whl (536 kB)
     ━━━━━━━━━━━━━━━━━━━━━━━━━━━━━━━━━━━━━ 536.2/536.2 kB 458.7 MB/s eta 0:00:00
Collecting exceptiongroup>=1.0.2
  Downloading exceptiongroup-1.3.1-py3-none-any.whl (16 kB)
Building wheels for collected packages: chess
  Building wheel for chess (setup.py): started
  Building wheel for chess (setup.py): finished with status 'done'
  Created wheel for chess: filename=chess-1.11.2-py3-none-any.whl size=147880 sha256=be01185e6ecbe7759cacbf3921b71db40b16f5366092a79de7f393624af758d9
  Stored in directory: /tmp/pip-ephem-wheel-cache-ow406r0l/wheels/7a/79/8e/0d6e404db9f1e82af2e40b49161d6acab485d75dfb0470ac08
Successfully built chess
Installing collected packages: mpmath, flatbuffers, websockets, uvloop, urllib3, typing-extensions, tqdm, sympy, pyyaml, python-dotenv, protobuf, packaging, numpy, idna, humanfriendly, httptools, h11, fsspec, filelock, click, chess, charset_normalizer, certifi, annotated-types, uvicorn, requests, python-chess, pydantic-core, exceptiongroup, coloredlogs, pydantic, onnxruntime, huggingface-hub, anyio, watchfiles, starlette, fastapi
Successfully installed annotated-types-0.7.0 anyio-4.12.0 certifi-2026.1.4 charset_normalizer-3.4.4 chess-1.11.2 click-8.3.1 coloredlogs-15.0.1 exceptiongroup-1.3.1 fastapi-0.109.0 filelock-3.20.2 flatbuffers-25.12.19 fsspec-2025.12.0 h11-0.16.0 httptools-0.7.1 huggingface-hub-0.20.3 humanfriendly-10.0 idna-3.11 mpmath-1.3.0 numpy-1.24.3 onnxruntime-1.17.0 packaging-25.0 protobuf-6.33.2 pydantic-2.5.3 pydantic-core-2.14.6 python-chess-1.999 python-dotenv-1.2.1 pyyaml-6.0.3 requests-2.32.5 starlette-0.35.1 sympy-1.14.0 tqdm-4.67.1 typing-extensions-4.15.0 urllib3-2.6.2 uvicorn-0.27.0 uvloop-0.22.1 watchfiles-1.1.1 websockets-15.0.1
WARNING: Running pip as the 'root' user can result in broken permissions and conflicting behaviour with the system package manager. It is recommended to use a virtual environment instead: https://pip.pypa.io/warnings/venv

[notice] A new release of pip is available: 23.0.1 -> 25.3
[notice] To update, run: pip install --upgrade pip
DONE 16.2s

--> RUN mkdir -p /app/models
DONE 0.1s

--> COPY app.py .
DONE 0.0s

--> RUN python -c "from huggingface_hub import hf_hub_download;     hf_hub_download(         repo_id='GambitFlow/Nexus-Nano',         filename='nexus_nano.onnx',         local_dir='/app/models',         local_dir_use_symlinks=False     )"
Traceback (most recent call last):
  File "/usr/local/lib/python3.10/site-packages/huggingface_hub/utils/_errors.py", line 286, in hf_raise_for_status
    response.raise_for_status()
  File "/usr/local/lib/python3.10/site-packages/requests/models.py", line 1026, in raise_for_status
    raise HTTPError(http_error_msg, response=self)
requests.exceptions.HTTPError: 404 Client Error: Not Found for url: https://huggingface.co/GambitFlow/Nexus-Nano/resolve/main/nexus_nano.onnx

The above exception was the direct cause of the following exception:

Traceback (most recent call last):
  File "<string>", line 1, in <module>
  File "/usr/local/lib/python3.10/site-packages/huggingface_hub/utils/_validators.py", line 118, in _inner_fn
    return fn(*args, **kwargs)
  File "/usr/local/lib/python3.10/site-packages/huggingface_hub/file_download.py", line 1238, in hf_hub_download
    metadata = get_hf_file_metadata(
  File "/usr/local/lib/python3.10/site-packages/huggingface_hub/utils/_validators.py", line 118, in _inner_fn
    return fn(*args, **kwargs)
  File "/usr/local/lib/python3.10/site-packages/huggingface_hub/file_download.py", line 1631, in get_hf_file_metadata
    r = _request_wrapper(
  File "/usr/local/lib/python3.10/site-packages/huggingface_hub/file_download.py", line 385, in _request_wrapper
    response = _request_wrapper(
  File "/usr/local/lib/python3.10/site-packages/huggingface_hub/file_download.py", line 409, in _request_wrapper
    hf_raise_for_status(response)
  File "/usr/local/lib/python3.10/site-packages/huggingface_hub/utils/_errors.py", line 296, in hf_raise_for_status
    raise EntryNotFoundError(message, response) from e
huggingface_hub.utils._errors.EntryNotFoundError: 404 Client Error. (Request ID: Root=1-695a7812-1eb4c7da7e2d9b2f35e033dd;5cd2d33d-8075-460d-9a82-00d6eeb94ae6)

Entry Not Found for url: https://huggingface.co/GambitFlow/Nexus-Nano/resolve/main/nexus_nano.onnx.

--> ERROR: process "/bin/sh -c python -c \"from huggingface_hub import hf_hub_download;     hf_hub_download(         repo_id='GambitFlow/Nexus-Nano',         filename='nexus_nano.onnx',         local_dir='/app/models',         local_dir_use_symlinks=False     )\"" did not complete successfully: exit code: 1
